Using pre-set license
Built from '2020.3/staging' branch; Version is '2020.3.10f1 (297d780c91bc) revision 2719096'; Using compiler version '192528614'; Build Type 'Release'
OS: 'Windows 10 Pro; OS build 19042.1110; Version 2009; 64bit' Language: 'tr' Physical Memory: 8106 MB
BatchMode: 1, IsHumanControllingUs: 0, StartBugReporterOnCrash: 0, Is64bit: 1, IsPro: 0

 COMMAND LINE ARGUMENTS:
C:\Program Files\Unity\Hub\Editor\2019.4.20f1\Editor\Unity.exe
-adb2
-batchMode
-noUpm
-name
AssetImportWorker0
-projectPath
C:/Users/emine/UNİTY/PONG
-logFile
Logs/AssetImportWorker0.log
-srvPort
64215
Successfully changed project path to: C:/Users/emine/UNİTY/PONG
C:/Users/emine/UNİTY/PONG
Using Asset Import Pipeline V2.
Refreshing native plugins compatible for Editor in 97.25 ms, found 3 plugins.
Preloading 0 native plugins for Editor in 0.00 ms.
Initialize engine version: 2020.3.10f1 (297d780c91bc)
[Subsystems] Discovering subsystems at path C:/Program Files/Unity/Hub/Editor/2019.4.20f1/Editor/Data/Resources/UnitySubsystems
[Subsystems] Discovering subsystems at path C:/Users/emine/UNİTY/PONG/Assets
GfxDevice: creating device client; threaded=0
Direct3D:
    Version:  Direct3D 11.0 [level 11.0]
    Renderer: NVIDIA GeForce 940M (ID=0x1347)
    Vendor:   
    VRAM:     2010 MB
    Driver:   23.21.13.9135
Initialize mono
Mono path[0] = 'C:/Program Files/Unity/Hub/Editor/2019.4.20f1/Editor/Data/Managed'
Mono path[1] = 'C:/Program Files/Unity/Hub/Editor/2019.4.20f1/Editor/Data/MonoBleedingEdge/lib/mono/unityjit'
Mono config path = 'C:/Program Files/Unity/Hub/Editor/2019.4.20f1/Editor/Data/MonoBleedingEdge/etc'
Using monoOptions --debugger-agent=transport=dt_socket,embedding=1,server=y,suspend=n,address=127.0.0.1:56120
Begin MonoManager ReloadAssembly
Registering precompiled unity dll's ...
Register platform support module: C:/Program Files/Unity/Hub/Editor/2019.4.20f1/Editor/Data/PlaybackEngines/WindowsStandaloneSupport/UnityEditor.WindowsStandalone.Extensions.dll
Registered in 0.004118 seconds.
Native extension for WindowsStandalone target not found
Refreshing native plugins compatible for Editor in 66.97 ms, found 3 plugins.
Preloading 0 native plugins for Editor in 0.00 ms.
Mono: successfully reloaded assembly
- Completed reload, in  1.790 seconds
Platform modules already initialized, skipping
Registering precompiled user dll's ...
Registered in 0.006587 seconds.
Begin MonoManager ReloadAssembly
Native extension for WindowsStandalone target not found
Refreshing native plugins compatible for Editor in 71.55 ms, found 3 plugins.
Preloading 0 native plugins for Editor in 0.00 ms.
Mono: successfully reloaded assembly
- Completed reload, in  1.971 seconds
Platform modules already initialized, skipping
========================================================================
Worker process is ready to serve import requests
Launched and connected shader compiler UnityShaderCompiler.exe after 0.07 seconds
Refreshing native plugins compatible for Editor in 0.66 ms, found 3 plugins.
Preloading 0 native plugins for Editor in 0.00 ms.
Unloading 2079 Unused Serialized files (Serialized files now loaded: 0)
System memory in use before: 92.9 MB.
System memory in use after: 92.8 MB.

Unloading 33 unused Assets to reduce memory usage. Loaded Objects now: 2512.
Total: 3.313600 ms (FindLiveObjects: 0.274700 ms CreateObjectMapping: 0.185000 ms MarkObjects: 2.675000 ms  DeleteObjects: 0.176900 ms)

========================================================================
Received Import Request.
  path: Packages/com.unity.2d.spriteshape/Editor/Handles/ss_playhead.png
  artifactKey: Guid(9ea72647c24be493ba6f15a9cd2a24ae) Importer(815301076,1909f56bfc062723c751e8b465ee728b)
Start importing Packages/com.unity.2d.spriteshape/Editor/Handles/ss_playhead.png using Guid(9ea72647c24be493ba6f15a9cd2a24ae) Importer(815301076,1909f56bfc062723c751e8b465ee728b)  -> (artifact id: '39927b807314c3a335a85bff6277a4c4') in 0.842055 seconds
  Import took 0.901264 seconds .

========================================================================
Received Import Request.
  Time since last request: 0.000540 seconds.
  path: Packages/com.unity.collab-proxy/Editor/PlasticSCM/Assets/Images/d_stepok.png
  artifactKey: Guid(be423a54b981d38428de82ad12534629) Importer(815301076,1909f56bfc062723c751e8b465ee728b)
Start importing Packages/com.unity.collab-proxy/Editor/PlasticSCM/Assets/Images/d_stepok.png using Guid(be423a54b981d38428de82ad12534629) Importer(815301076,1909f56bfc062723c751e8b465ee728b)  -> (artifact id: 'f6cef5669b76dfdc7378fd3ffcfc84b7') in 0.062703 seconds
  Import took 0.120628 seconds .

========================================================================
Received Import Request.
  Time since last request: 0.000431 seconds.
  path: Packages/com.unity.collab-proxy/Editor/PlasticSCM/Assets/Images/step2.png
  artifactKey: Guid(cd0b17b71a5c498428ee91dee8a78a88) Importer(815301076,1909f56bfc062723c751e8b465ee728b)
Start importing Packages/com.unity.collab-proxy/Editor/PlasticSCM/Assets/Images/step2.png using Guid(cd0b17b71a5c498428ee91dee8a78a88) Importer(815301076,1909f56bfc062723c751e8b465ee728b)  -> (artifact id: 'fd466d6eba7976ad1e9627b2e7d8f229') in 0.033959 seconds
  Import took 0.255777 seconds .

========================================================================
Received Import Request.
  Time since last request: 0.000382 seconds.
  path: Packages/com.unity.2d.sprite/Editor/ObjectMenuCreation/DefaultAssets/Textures/CircleMask.png
  artifactKey: Guid(87aaca0a643d54397ba969dab4fc8875) Importer(815301076,1909f56bfc062723c751e8b465ee728b)
Start importing Packages/com.unity.2d.sprite/Editor/ObjectMenuCreation/DefaultAssets/Textures/CircleMask.png using Guid(87aaca0a643d54397ba969dab4fc8875) Importer(815301076,1909f56bfc062723c751e8b465ee728b)  -> (artifact id: '336ea944f911d78053f811db356c0369') in 0.104149 seconds
  Import took 0.188358 seconds .

========================================================================
Received Import Request.
  Time since last request: 0.000429 seconds.
  path: Packages/com.unity.collab-proxy/Editor/PlasticSCM/Assets/Images/notondisk.png
  artifactKey: Guid(b205f4b28f59dda49af458b35d8a3ff3) Importer(815301076,1909f56bfc062723c751e8b465ee728b)
Start importing Packages/com.unity.collab-proxy/Editor/PlasticSCM/Assets/Images/notondisk.png using Guid(b205f4b28f59dda49af458b35d8a3ff3) Importer(815301076,1909f56bfc062723c751e8b465ee728b)  -> (artifact id: '86bdc4e333edc2d07181da3334980ae9') in 0.255802 seconds
  Import took 0.290521 seconds .

========================================================================
Received Import Request.
  Time since last request: 0.000300 seconds.
  path: Packages/com.unity.collab-proxy/Editor/PlasticSCM/Assets/Images/ok.png
  artifactKey: Guid(3238dca1e9ea9fb4aa64b28298ba6dbd) Importer(815301076,1909f56bfc062723c751e8b465ee728b)
Start importing Packages/com.unity.collab-proxy/Editor/PlasticSCM/Assets/Images/ok.png using Guid(3238dca1e9ea9fb4aa64b28298ba6dbd) Importer(815301076,1909f56bfc062723c751e8b465ee728b)  -> (artifact id: 'b459f8ff2bebc5fa9d92b277ba10b328') in 0.041994 seconds
  Import took 0.074719 seconds .

========================================================================
Received Import Request.
  Time since last request: 0.000304 seconds.
  path: Packages/com.unity.collab-proxy/Editor/PlasticSCM/Assets/Images/stepok.png
  artifactKey: Guid(d4780dc1205c7c7478c970d8c61d24e8) Importer(815301076,1909f56bfc062723c751e8b465ee728b)
Start importing Packages/com.unity.collab-proxy/Editor/PlasticSCM/Assets/Images/stepok.png using Guid(d4780dc1205c7c7478c970d8c61d24e8) Importer(815301076,1909f56bfc062723c751e8b465ee728b)  -> (artifact id: '3954831df12b2abc6caef3ebb04070a2') in 0.415962 seconds
  Import took 0.426787 seconds .

========================================================================
Received Import Request.
  Time since last request: 0.000394 seconds.
  path: Packages/com.unity.2d.sprite/Editor/ObjectMenuCreation/DefaultAssets/Textures/Square.png
  artifactKey: Guid(48e93eef0688c4a259cb0eddcd8661f7) Importer(815301076,1909f56bfc062723c751e8b465ee728b)
Start importing Packages/com.unity.2d.sprite/Editor/ObjectMenuCreation/DefaultAssets/Textures/Square.png using Guid(48e93eef0688c4a259cb0eddcd8661f7) Importer(815301076,1909f56bfc062723c751e8b465ee728b)  -> (artifact id: '67f9d2c87602c9de665cd5edc8b46197') in 0.100489 seconds
  Import took 0.339482 seconds .

========================================================================
Received Import Request.
  Time since last request: 0.000331 seconds.
  path: Packages/com.unity.collab-proxy/Editor/PlasticSCM/Assets/Images/iconmergelink.png
  artifactKey: Guid(120bf54dff785a0429b068b814e9c12a) Importer(815301076,1909f56bfc062723c751e8b465ee728b)
Start importing Packages/com.unity.collab-proxy/Editor/PlasticSCM/Assets/Images/iconmergelink.png using Guid(120bf54dff785a0429b068b814e9c12a) Importer(815301076,1909f56bfc062723c751e8b465ee728b)  -> (artifact id: '3dfd2981864d8051f5aa3ce8f85b969e') in 0.055987 seconds
  Import took 0.078046 seconds .

========================================================================
Received Import Request.
  Time since last request: 0.000418 seconds.
  path: Packages/com.unity.collab-proxy/Editor/PlasticSCM/Assets/Images/d_stepok@2x.png
  artifactKey: Guid(3494dc956dfd7174abc07060940a2848) Importer(815301076,1909f56bfc062723c751e8b465ee728b)
Start importing Packages/com.unity.collab-proxy/Editor/PlasticSCM/Assets/Images/d_stepok@2x.png using Guid(3494dc956dfd7174abc07060940a2848) Importer(815301076,1909f56bfc062723c751e8b465ee728b)  -> (artifact id: 'd23058784e35df865a9feaf29e191e1c') in 0.085440 seconds
  Import took 0.110625 seconds .

========================================================================
Received Import Request.
  Time since last request: 0.000297 seconds.
  path: Packages/com.unity.2d.spriteshape/Editor/ObjectMenuCreation/DefaultAssets/Sprite Shapes/SpriteShapeEdge.png
  artifactKey: Guid(0ae2b74b1edd14bb18dd7b65ae916a54) Importer(815301076,1909f56bfc062723c751e8b465ee728b)
Start importing Packages/com.unity.2d.spriteshape/Editor/ObjectMenuCreation/DefaultAssets/Sprite Shapes/SpriteShapeEdge.png using Guid(0ae2b74b1edd14bb18dd7b65ae916a54) Importer(815301076,1909f56bfc062723c751e8b465ee728b)  -> (artifact id: 'd0a0a6bac8b0ef1cbcd7454e1ebfdb51') in 0.061096 seconds
  Import took 0.133511 seconds .

========================================================================
Received Import Request.
  Time since last request: 0.000346 seconds.
  path: Packages/com.unity.2d.sprite/Editor/ObjectMenuCreation/DefaultAssets/Textures/SquareWithBorder.png
  artifactKey: Guid(db750325989564987a34393247d883b4) Importer(815301076,1909f56bfc062723c751e8b465ee728b)
Start importing Packages/com.unity.2d.sprite/Editor/ObjectMenuCreation/DefaultAssets/Textures/SquareWithBorder.png using Guid(db750325989564987a34393247d883b4) Importer(815301076,1909f56bfc062723c751e8b465ee728b)  -> (artifact id: 'f6609b4886f6a7b5e886870c4517a228') in 0.101172 seconds
  Import took 0.220477 seconds .

========================================================================
Received Import Request.
  Time since last request: 0.000256 seconds.
  path: Packages/com.unity.2d.spriteshape/Editor/Handles/ss_leftrange.png
  artifactKey: Guid(9417efc47083f4a1598c1966a6345cdb) Importer(815301076,1909f56bfc062723c751e8b465ee728b)
Start importing Packages/com.unity.2d.spriteshape/Editor/Handles/ss_leftrange.png using Guid(9417efc47083f4a1598c1966a6345cdb) Importer(815301076,1909f56bfc062723c751e8b465ee728b)  -> (artifact id: 'cac329b1e98816bb3dfd99145a4b9e57') in 0.051978 seconds
  Import took 0.099261 seconds .

========================================================================
Received Import Request.
  Time since last request: 0.000270 seconds.
  path: Packages/com.unity.collab-proxy/Editor/PlasticSCM/Assets/Images/step1@2x.png
  artifactKey: Guid(affeade9874cf2347abb155e8d0db4d8) Importer(815301076,1909f56bfc062723c751e8b465ee728b)
Start importing Packages/com.unity.collab-proxy/Editor/PlasticSCM/Assets/Images/step1@2x.png using Guid(affeade9874cf2347abb155e8d0db4d8) Importer(815301076,1909f56bfc062723c751e8b465ee728b)  -> (artifact id: '3a81352c8f49eefb8fa487481a3dfb25') in 0.064910 seconds
  Import took 0.096631 seconds .

========================================================================
Received Import Request.
  Time since last request: 0.000513 seconds.
  path: Packages/com.unity.collab-proxy/Editor/PlasticSCM/Assets/Images/step1.png
  artifactKey: Guid(9ce84ff0fdeb13d4a83f077d075dd9a5) Importer(815301076,1909f56bfc062723c751e8b465ee728b)
Start importing Packages/com.unity.collab-proxy/Editor/PlasticSCM/Assets/Images/step1.png using Guid(9ce84ff0fdeb13d4a83f077d075dd9a5) Importer(815301076,1909f56bfc062723c751e8b465ee728b)  -> (artifact id: '6b3b000b79ebf6c6bbbe657b790dffe6') in 0.038185 seconds
  Import took 0.044779 seconds .

========================================================================
Received Import Request.
  Time since last request: 0.000282 seconds.
  path: Packages/com.unity.2d.spriteshape/Editor/Handles/ss_rightrange.png
  artifactKey: Guid(ee5df01235032491c8b180741ea820fe) Importer(815301076,1909f56bfc062723c751e8b465ee728b)
Start importing Packages/com.unity.2d.spriteshape/Editor/Handles/ss_rightrange.png using Guid(ee5df01235032491c8b180741ea820fe) Importer(815301076,1909f56bfc062723c751e8b465ee728b)  -> (artifact id: 'f3d4c6837c59948a358d303503c69709') in 0.078405 seconds
  Import took 0.120878 seconds .

========================================================================
Received Import Request.
  Time since last request: 0.000357 seconds.
  path: Packages/com.unity.collab-proxy/Editor/PlasticSCM/Assets/Images/stepok@2x.png
  artifactKey: Guid(be340a165cb9c8d4cb50f1deeb51d4ea) Importer(815301076,1909f56bfc062723c751e8b465ee728b)
Start importing Packages/com.unity.collab-proxy/Editor/PlasticSCM/Assets/Images/stepok@2x.png using Guid(be340a165cb9c8d4cb50f1deeb51d4ea) Importer(815301076,1909f56bfc062723c751e8b465ee728b)  -> (artifact id: 'f9587be7fd033b00619d6c4597d1b246') in 0.061319 seconds
  Import took 0.089234 seconds .

========================================================================
Received Import Request.
  Time since last request: 278.975474 seconds.
  path: Assets
  artifactKey: Guid(00000000000000001000000000000000) Importer(815301076,1909f56bfc062723c751e8b465ee728b)
Start importing Assets using Guid(00000000000000001000000000000000) Importer(815301076,1909f56bfc062723c751e8b465ee728b)  -> (artifact id: '42d402b061de3733987d63b9cc3b64de') in 0.013618 seconds
  Import took 0.037739 seconds .

========================================================================
Received Import Request.
  Time since last request: 7.090238 seconds.
  path: Assets/kirmizi.mat
  artifactKey: Guid(7445118b0edf3c94b93bf1134d1edbfe) Importer(815301076,1909f56bfc062723c751e8b465ee728b)
Start importing Assets/kirmizi.mat using Guid(7445118b0edf3c94b93bf1134d1edbfe) Importer(815301076,1909f56bfc062723c751e8b465ee728b)  -> (artifact id: '1630770a709b8b8b768703e112375a8c') in 0.215642 seconds
  Import took 0.223227 seconds .

========================================================================
Received Import Request.
  Time since last request: 218.259802 seconds.
  path: Assets/player1.cs
  artifactKey: Guid(345594511bcdd8240b8fa2082215c87d) Importer(815301076,1909f56bfc062723c751e8b465ee728b)
Start importing Assets/player1.cs using Guid(345594511bcdd8240b8fa2082215c87d) Importer(815301076,1909f56bfc062723c751e8b465ee728b)  -> (artifact id: 'e8578fefcdf9e8317dbb2c01c3ce57c1') in 0.167997 seconds
  Import took 0.175333 seconds .

========================================================================
Received Prepare
Registering precompiled user dll's ...
Registered in 0.008176 seconds.
Begin MonoManager ReloadAssembly
Native extension for WindowsStandalone target not found
Refreshing native plugins compatible for Editor in 0.57 ms, found 3 plugins.
Preloading 0 native plugins for Editor in 0.00 ms.
Mono: successfully reloaded assembly
- Completed reload, in  1.616 seconds
Platform modules already initialized, skipping
Refreshing native plugins compatible for Editor in 0.53 ms, found 3 plugins.
Preloading 0 native plugins for Editor in 0.00 ms.
Unloading 2075 Unused Serialized files (Serialized files now loaded: 0)
System memory in use before: 96.1 MB.
System memory in use after: 96.0 MB.

Unloading 21 unused Assets to reduce memory usage. Loaded Objects now: 2571.
Total: 3.280700 ms (FindLiveObjects: 0.279100 ms CreateObjectMapping: 0.112600 ms MarkObjects: 2.691600 ms  DeleteObjects: 0.196100 ms)

========================================================================
Received Import Request.
  Time since last request: 371.775479 seconds.
  path: Assets/player2.cs
  artifactKey: Guid(96a2536d5dac71b44881531bf0b3643e) Importer(815301076,1909f56bfc062723c751e8b465ee728b)
Start importing Assets/player2.cs using Guid(96a2536d5dac71b44881531bf0b3643e) Importer(815301076,1909f56bfc062723c751e8b465ee728b)  -> (artifact id: 'a28ec9394dfaed8a22487d733260560c') in 0.037323 seconds
  Import took 0.044644 seconds .

========================================================================
Received Import Request.
  Time since last request: 0.022310 seconds.
  path: Assets/player2.cs
  artifactKey: Guid(96a2536d5dac71b44881531bf0b3643e) Importer(815301076,1909f56bfc062723c751e8b465ee728b)
Start importing Assets/player2.cs using Guid(96a2536d5dac71b44881531bf0b3643e) Importer(815301076,1909f56bfc062723c751e8b465ee728b)  -> (artifact id: 'a28ec9394dfaed8a22487d733260560c') in 0.029228 seconds
  Import took 0.036221 seconds .

========================================================================
Received Prepare
Registering precompiled user dll's ...
Registered in 0.006536 seconds.
Begin MonoManager ReloadAssembly
Native extension for WindowsStandalone target not found
Refreshing native plugins compatible for Editor in 0.55 ms, found 3 plugins.
Preloading 0 native plugins for Editor in 0.00 ms.
Mono: successfully reloaded assembly
- Completed reload, in  1.623 seconds
Platform modules already initialized, skipping
Refreshing native plugins compatible for Editor in 0.65 ms, found 3 plugins.
Preloading 0 native plugins for Editor in 0.00 ms.
Unloading 2076 Unused Serialized files (Serialized files now loaded: 0)
System memory in use before: 96.1 MB.
System memory in use after: 96.1 MB.

Unloading 21 unused Assets to reduce memory usage. Loaded Objects now: 2576.
Total: 3.147700 ms (FindLiveObjects: 0.234600 ms CreateObjectMapping: 0.139800 ms MarkObjects: 2.551600 ms  DeleteObjects: 0.219700 ms)

========================================================================
Received Prepare
Registering precompiled user dll's ...
Registered in 0.007690 seconds.
Begin MonoManager ReloadAssembly
Native extension for WindowsStandalone target not found
Refreshing native plugins compatible for Editor in 0.51 ms, found 3 plugins.
Preloading 0 native plugins for Editor in 0.00 ms.
Mono: successfully reloaded assembly
- Completed reload, in  1.560 seconds
Platform modules already initialized, skipping
Refreshing native plugins compatible for Editor in 0.65 ms, found 3 plugins.
Preloading 0 native plugins for Editor in 0.00 ms.
Unloading 2076 Unused Serialized files (Serialized files now loaded: 0)
System memory in use before: 96.1 MB.
System memory in use after: 96.1 MB.

Unloading 21 unused Assets to reduce memory usage. Loaded Objects now: 2580.
Total: 3.381700 ms (FindLiveObjects: 0.252400 ms CreateObjectMapping: 0.098200 ms MarkObjects: 2.879400 ms  DeleteObjects: 0.150100 ms)

========================================================================
Received Import Request.
  Time since last request: 126.600489 seconds.
  path: Assets/player2.cs
  artifactKey: Guid(96a2536d5dac71b44881531bf0b3643e) Importer(815301076,1909f56bfc062723c751e8b465ee728b)
Start importing Assets/player2.cs using Guid(96a2536d5dac71b44881531bf0b3643e) Importer(815301076,1909f56bfc062723c751e8b465ee728b)  -> (artifact id: '7dd32b9a4d4746c68f8ab4786ba8c84f') in 0.007264 seconds
  Import took 0.011830 seconds .

========================================================================
Received Prepare
Registering precompiled user dll's ...
Registered in 0.006508 seconds.
Begin MonoManager ReloadAssembly
Native extension for WindowsStandalone target not found
Refreshing native plugins compatible for Editor in 0.55 ms, found 3 plugins.
Preloading 0 native plugins for Editor in 0.00 ms.
Mono: successfully reloaded assembly
- Completed reload, in  1.492 seconds
Platform modules already initialized, skipping
Refreshing native plugins compatible for Editor in 0.62 ms, found 3 plugins.
Preloading 0 native plugins for Editor in 0.00 ms.
Unloading 2076 Unused Serialized files (Serialized files now loaded: 0)
System memory in use before: 96.2 MB.
System memory in use after: 96.1 MB.

Unloading 21 unused Assets to reduce memory usage. Loaded Objects now: 2584.
Total: 3.599800 ms (FindLiveObjects: 0.257600 ms CreateObjectMapping: 0.107400 ms MarkObjects: 2.961200 ms  DeleteObjects: 0.272000 ms)

========================================================================
Received Import Request.
  Time since last request: 440.129170 seconds.
  path: Assets/duvar01.mat
  artifactKey: Guid(d57c019d8e724ab4d82620468532bd0a) Importer(815301076,1909f56bfc062723c751e8b465ee728b)
Start importing Assets/duvar01.mat using Guid(d57c019d8e724ab4d82620468532bd0a) Importer(815301076,1909f56bfc062723c751e8b465ee728b)  -> (artifact id: '83d86cf2f5af57c2658f86d562ead4b2') in 0.126697 seconds
  Import took 0.152011 seconds .

========================================================================
Received Import Request.
  Time since last request: 678.280659 seconds.
  path: Assets/tophareketleri.cs
  artifactKey: Guid(ce5ea9867281dd84aa8878f92c511445) Importer(815301076,1909f56bfc062723c751e8b465ee728b)
Start importing Assets/tophareketleri.cs using Guid(ce5ea9867281dd84aa8878f92c511445) Importer(815301076,1909f56bfc062723c751e8b465ee728b)  -> (artifact id: 'e47c965e26186f2e469aafd92bcfc1e2') in 0.035724 seconds
  Import took 0.043215 seconds .

========================================================================
Received Prepare
Registering precompiled user dll's ...
Registered in 0.006732 seconds.
Begin MonoManager ReloadAssembly
Native extension for WindowsStandalone target not found
Refreshing native plugins compatible for Editor in 1.21 ms, found 3 plugins.
Preloading 0 native plugins for Editor in 0.00 ms.
Mono: successfully reloaded assembly
- Completed reload, in  2.276 seconds
Platform modules already initialized, skipping
Refreshing native plugins compatible for Editor in 0.56 ms, found 3 plugins.
Preloading 0 native plugins for Editor in 0.00 ms.
Unloading 2077 Unused Serialized files (Serialized files now loaded: 0)
System memory in use before: 96.2 MB.
System memory in use after: 96.2 MB.

Unloading 21 unused Assets to reduce memory usage. Loaded Objects now: 2590.
Total: 3.893500 ms (FindLiveObjects: 0.289700 ms CreateObjectMapping: 0.112500 ms MarkObjects: 3.282600 ms  DeleteObjects: 0.206800 ms)

========================================================================
Received Prepare
Registering precompiled user dll's ...
Registered in 0.006888 seconds.
Begin MonoManager ReloadAssembly
Native extension for WindowsStandalone target not found
Refreshing native plugins compatible for Editor in 0.57 ms, found 3 plugins.
Preloading 0 native plugins for Editor in 0.00 ms.
Mono: successfully reloaded assembly
- Completed reload, in  1.541 seconds
Platform modules already initialized, skipping
Refreshing native plugins compatible for Editor in 0.54 ms, found 3 plugins.
Preloading 0 native plugins for Editor in 0.00 ms.
Unloading 2077 Unused Serialized files (Serialized files now loaded: 0)
System memory in use before: 96.2 MB.
System memory in use after: 96.2 MB.

Unloading 21 unused Assets to reduce memory usage. Loaded Objects now: 2594.
Total: 3.781100 ms (FindLiveObjects: 0.254000 ms CreateObjectMapping: 0.116900 ms MarkObjects: 3.250500 ms  DeleteObjects: 0.158100 ms)

========================================================================
Received Import Request.
  Time since last request: 616.828507 seconds.
  path: Assets/tophareketleri.cs
  artifactKey: Guid(ce5ea9867281dd84aa8878f92c511445) Importer(815301076,1909f56bfc062723c751e8b465ee728b)
Start importing Assets/tophareketleri.cs using Guid(ce5ea9867281dd84aa8878f92c511445) Importer(815301076,1909f56bfc062723c751e8b465ee728b)  -> (artifact id: '582315ac81640f7e0df7155c476e41cb') in 0.007667 seconds
  Import took 0.028924 seconds .

========================================================================
Received Import Request.
  Time since last request: 76.785077 seconds.
  path: ProjectSettings/TagManager.asset
  artifactKey: Guid(00000000000000003000000000000000) Importer(815301076,1909f56bfc062723c751e8b465ee728b)
Start importing ProjectSettings/TagManager.asset using Guid(00000000000000003000000000000000) Importer(815301076,1909f56bfc062723c751e8b465ee728b)  -> (artifact id: '95df672b4aaba54310d34c83eef51bb8') in 0.029777 seconds
  Import took 0.036603 seconds .

========================================================================
Received Prepare
Registering precompiled user dll's ...
Registered in 0.007712 seconds.
Begin MonoManager ReloadAssembly
Native extension for WindowsStandalone target not found
Refreshing native plugins compatible for Editor in 0.55 ms, found 3 plugins.
Preloading 0 native plugins for Editor in 0.00 ms.
Mono: successfully reloaded assembly
- Completed reload, in  1.508 seconds
Platform modules already initialized, skipping
Refreshing native plugins compatible for Editor in 0.80 ms, found 3 plugins.
Preloading 0 native plugins for Editor in 0.00 ms.
Unloading 2077 Unused Serialized files (Serialized files now loaded: 0)
System memory in use before: 96.2 MB.
System memory in use after: 96.2 MB.

Unloading 22 unused Assets to reduce memory usage. Loaded Objects now: 2598.
Total: 3.255500 ms (FindLiveObjects: 0.260000 ms CreateObjectMapping: 0.253600 ms MarkObjects: 2.583200 ms  DeleteObjects: 0.157300 ms)

========================================================================
Received Prepare
Registering precompiled user dll's ...
Registered in 0.008112 seconds.
Begin MonoManager ReloadAssembly
Native extension for WindowsStandalone target not found
Refreshing native plugins compatible for Editor in 0.55 ms, found 3 plugins.
Preloading 0 native plugins for Editor in 0.00 ms.
Mono: successfully reloaded assembly
- Completed reload, in  1.592 seconds
Platform modules already initialized, skipping
Refreshing native plugins compatible for Editor in 0.52 ms, found 3 plugins.
Preloading 0 native plugins for Editor in 0.00 ms.
Unloading 2077 Unused Serialized files (Serialized files now loaded: 0)
System memory in use before: 96.2 MB.
System memory in use after: 96.2 MB.

Unloading 21 unused Assets to reduce memory usage. Loaded Objects now: 2602.
Total: 3.282600 ms (FindLiveObjects: 0.254400 ms CreateObjectMapping: 0.091000 ms MarkObjects: 2.783100 ms  DeleteObjects: 0.153000 ms)

========================================================================
Received Prepare
Registering precompiled user dll's ...
Registered in 0.007497 seconds.
Begin MonoManager ReloadAssembly
Native extension for WindowsStandalone target not found
Refreshing native plugins compatible for Editor in 0.77 ms, found 3 plugins.
Preloading 0 native plugins for Editor in 0.00 ms.
Mono: successfully reloaded assembly
- Completed reload, in  1.609 seconds
Platform modules already initialized, skipping
Refreshing native plugins compatible for Editor in 0.51 ms, found 3 plugins.
Preloading 0 native plugins for Editor in 0.00 ms.
Unloading 2077 Unused Serialized files (Serialized files now loaded: 0)
System memory in use before: 96.2 MB.
System memory in use after: 96.2 MB.

Unloading 21 unused Assets to reduce memory usage. Loaded Objects now: 2606.
Total: 3.392300 ms (FindLiveObjects: 0.255300 ms CreateObjectMapping: 0.100700 ms MarkObjects: 2.875600 ms  DeleteObjects: 0.159400 ms)

========================================================================
Received Prepare
Registering precompiled user dll's ...
Registered in 0.007628 seconds.
Begin MonoManager ReloadAssembly
Native extension for WindowsStandalone target not found
Refreshing native plugins compatible for Editor in 0.53 ms, found 3 plugins.
Preloading 0 native plugins for Editor in 0.00 ms.
Mono: successfully reloaded assembly
- Completed reload, in  1.529 seconds
Platform modules already initialized, skipping
Refreshing native plugins compatible for Editor in 0.55 ms, found 3 plugins.
Preloading 0 native plugins for Editor in 0.00 ms.
Unloading 2077 Unused Serialized files (Serialized files now loaded: 0)
System memory in use before: 96.3 MB.
System memory in use after: 96.2 MB.

Unloading 21 unused Assets to reduce memory usage. Loaded Objects now: 2610.
Total: 3.216800 ms (FindLiveObjects: 0.257300 ms CreateObjectMapping: 0.085900 ms MarkObjects: 2.702000 ms  DeleteObjects: 0.170200 ms)

========================================================================
Received Prepare
Registering precompiled user dll's ...
Registered in 0.008710 seconds.
Begin MonoManager ReloadAssembly
Native extension for WindowsStandalone target not found
Refreshing native plugins compatible for Editor in 0.57 ms, found 3 plugins.
Preloading 0 native plugins for Editor in 0.00 ms.
Mono: successfully reloaded assembly
- Completed reload, in  1.489 seconds
Platform modules already initialized, skipping
Refreshing native plugins compatible for Editor in 0.53 ms, found 3 plugins.
Preloading 0 native plugins for Editor in 0.00 ms.
Unloading 2077 Unused Serialized files (Serialized files now loaded: 0)
System memory in use before: 96.3 MB.
System memory in use after: 96.2 MB.

Unloading 21 unused Assets to reduce memory usage. Loaded Objects now: 2614.
Total: 3.160900 ms (FindLiveObjects: 0.258400 ms CreateObjectMapping: 0.095000 ms MarkObjects: 2.620600 ms  DeleteObjects: 0.185600 ms)

========================================================================
Received Import Request.
  Time since last request: 1515.780914 seconds.
  path: Assets/duvar01.mat
  artifactKey: Guid(d57c019d8e724ab4d82620468532bd0a) Importer(815301076,1909f56bfc062723c751e8b465ee728b)
Start importing Assets/duvar01.mat using Guid(d57c019d8e724ab4d82620468532bd0a) Importer(815301076,1909f56bfc062723c751e8b465ee728b)  -> (artifact id: '4b2240d30708eb3a923623f11d49fd5a') in 0.178564 seconds
  Import took 0.195025 seconds .

========================================================================
Received Import Request.
  Time since last request: 0.000092 seconds.
  path: Assets/kirmizi.mat
  artifactKey: Guid(7445118b0edf3c94b93bf1134d1edbfe) Importer(815301076,1909f56bfc062723c751e8b465ee728b)
Start importing Assets/kirmizi.mat using Guid(7445118b0edf3c94b93bf1134d1edbfe) Importer(815301076,1909f56bfc062723c751e8b465ee728b)  -> (artifact id: '26d8b383c3d82afac5ef766d0c30bf64') in 0.032024 seconds
  Import took 0.041223 seconds .

========================================================================
Received Prepare
Registering precompiled user dll's ...
Registered in 0.009700 seconds.
Begin MonoManager ReloadAssembly
Native extension for WindowsStandalone target not found
Refreshing native plugins compatible for Editor in 0.81 ms, found 3 plugins.
Preloading 0 native plugins for Editor in 0.00 ms.
Mono: successfully reloaded assembly
- Completed reload, in  1.615 seconds
Platform modules already initialized, skipping
Refreshing native plugins compatible for Editor in 0.59 ms, found 3 plugins.
Preloading 0 native plugins for Editor in 0.00 ms.
Unloading 2124 Unused Serialized files (Serialized files now loaded: 0)
System memory in use before: 99.2 MB.
System memory in use after: 98.5 MB.

Unloading 34 unused Assets to reduce memory usage. Loaded Objects now: 2653.
Total: 3.846300 ms (FindLiveObjects: 0.368800 ms CreateObjectMapping: 0.237200 ms MarkObjects: 2.743200 ms  DeleteObjects: 0.495400 ms)

========================================================================
Received Prepare
Registering precompiled user dll's ...
Registered in 0.006975 seconds.
Begin MonoManager ReloadAssembly
Native extension for WindowsStandalone target not found
Refreshing native plugins compatible for Editor in 0.77 ms, found 3 plugins.
Preloading 0 native plugins for Editor in 0.00 ms.
Mono: successfully reloaded assembly
- Completed reload, in  2.231 seconds
Platform modules already initialized, skipping
Refreshing native plugins compatible for Editor in 0.82 ms, found 3 plugins.
Preloading 0 native plugins for Editor in 0.00 ms.
Unloading 2124 Unused Serialized files (Serialized files now loaded: 0)
System memory in use before: 99.2 MB.
System memory in use after: 98.5 MB.

Unloading 34 unused Assets to reduce memory usage. Loaded Objects now: 2657.
Total: 4.799600 ms (FindLiveObjects: 0.278600 ms CreateObjectMapping: 0.110700 ms MarkObjects: 3.801500 ms  DeleteObjects: 0.607300 ms)

========================================================================
Received Prepare
Registering precompiled user dll's ...
Registered in 0.008923 seconds.
Begin MonoManager ReloadAssembly
Native extension for WindowsStandalone target not found
Refreshing native plugins compatible for Editor in 0.59 ms, found 3 plugins.
Preloading 0 native plugins for Editor in 0.00 ms.
Mono: successfully reloaded assembly
- Completed reload, in  2.060 seconds
Platform modules already initialized, skipping
Refreshing native plugins compatible for Editor in 0.93 ms, found 3 plugins.
Preloading 0 native plugins for Editor in 0.00 ms.
Unloading 2124 Unused Serialized files (Serialized files now loaded: 0)
System memory in use before: 99.2 MB.
System memory in use after: 98.6 MB.

Unloading 34 unused Assets to reduce memory usage. Loaded Objects now: 2661.
Total: 4.355900 ms (FindLiveObjects: 0.393800 ms CreateObjectMapping: 0.212000 ms MarkObjects: 2.988800 ms  DeleteObjects: 0.759700 ms)

========================================================================
Received Prepare
Registering precompiled user dll's ...
Registered in 0.007000 seconds.
Begin MonoManager ReloadAssembly
Native extension for WindowsStandalone target not found
Refreshing native plugins compatible for Editor in 1.23 ms, found 3 plugins.
Preloading 0 native plugins for Editor in 0.00 ms.
Mono: successfully reloaded assembly
- Completed reload, in  2.331 seconds
Platform modules already initialized, skipping
Refreshing native plugins compatible for Editor in 1.00 ms, found 3 plugins.
Preloading 0 native plugins for Editor in 0.00 ms.
Unloading 2124 Unused Serialized files (Serialized files now loaded: 0)
System memory in use before: 99.2 MB.
System memory in use after: 98.6 MB.

Unloading 34 unused Assets to reduce memory usage. Loaded Objects now: 2665.
Total: 4.222200 ms (FindLiveObjects: 0.268700 ms CreateObjectMapping: 0.115300 ms MarkObjects: 3.293700 ms  DeleteObjects: 0.542300 ms)

========================================================================
Received Prepare
Registering precompiled user dll's ...
Registered in 0.009607 seconds.
Begin MonoManager ReloadAssembly
Native extension for WindowsStandalone target not found
Refreshing native plugins compatible for Editor in 0.82 ms, found 3 plugins.
Preloading 0 native plugins for Editor in 0.00 ms.
Mono: successfully reloaded assembly
- Completed reload, in  2.702 seconds
Platform modules already initialized, skipping
Refreshing native plugins compatible for Editor in 1.09 ms, found 3 plugins.
Preloading 0 native plugins for Editor in 0.00 ms.
Unloading 2124 Unused Serialized files (Serialized files now loaded: 0)
System memory in use before: 99.2 MB.
System memory in use after: 98.6 MB.

Unloading 34 unused Assets to reduce memory usage. Loaded Objects now: 2669.
Total: 5.169700 ms (FindLiveObjects: 0.378400 ms CreateObjectMapping: 0.187700 ms MarkObjects: 3.878800 ms  DeleteObjects: 0.722600 ms)

========================================================================
Received Prepare
Registering precompiled user dll's ...
Registered in 0.005881 seconds.
Begin MonoManager ReloadAssembly
Native extension for WindowsStandalone target not found
Refreshing native plugins compatible for Editor in 1.42 ms, found 3 plugins.
Preloading 0 native plugins for Editor in 0.00 ms.
Mono: successfully reloaded assembly
- Completed reload, in  1.954 seconds
Platform modules already initialized, skipping
Refreshing native plugins compatible for Editor in 0.83 ms, found 3 plugins.
Preloading 0 native plugins for Editor in 0.00 ms.
Unloading 2124 Unused Serialized files (Serialized files now loaded: 0)
System memory in use before: 99.3 MB.
System memory in use after: 98.6 MB.

Unloading 34 unused Assets to reduce memory usage. Loaded Objects now: 2673.
Total: 4.078200 ms (FindLiveObjects: 0.275600 ms CreateObjectMapping: 0.127900 ms MarkObjects: 3.144200 ms  DeleteObjects: 0.528400 ms)

========================================================================
Received Prepare
Registering precompiled user dll's ...
Registered in 0.007225 seconds.
Begin MonoManager ReloadAssembly
Native extension for WindowsStandalone target not found
Refreshing native plugins compatible for Editor in 0.65 ms, found 3 plugins.
Preloading 0 native plugins for Editor in 0.00 ms.
Mono: successfully reloaded assembly
- Completed reload, in  2.099 seconds
Platform modules already initialized, skipping
Refreshing native plugins compatible for Editor in 0.64 ms, found 3 plugins.
Preloading 0 native plugins for Editor in 0.00 ms.
Unloading 2124 Unused Serialized files (Serialized files now loaded: 0)
System memory in use before: 99.3 MB.
System memory in use after: 98.6 MB.

Unloading 34 unused Assets to reduce memory usage. Loaded Objects now: 2677.
Total: 6.669100 ms (FindLiveObjects: 0.324600 ms CreateObjectMapping: 0.173000 ms MarkObjects: 5.403600 ms  DeleteObjects: 0.764900 ms)

========================================================================
Received Prepare
Registering precompiled user dll's ...
Registered in 0.009510 seconds.
Begin MonoManager ReloadAssembly
Native extension for WindowsStandalone target not found
Refreshing native plugins compatible for Editor in 1.35 ms, found 3 plugins.
Preloading 0 native plugins for Editor in 0.00 ms.
Mono: successfully reloaded assembly
- Completed reload, in  2.999 seconds
Platform modules already initialized, skipping
Refreshing native plugins compatible for Editor in 1.55 ms, found 3 plugins.
Preloading 0 native plugins for Editor in 0.00 ms.
Unloading 2124 Unused Serialized files (Serialized files now loaded: 0)
System memory in use before: 99.3 MB.
System memory in use after: 98.6 MB.

Unloading 34 unused Assets to reduce memory usage. Loaded Objects now: 2681.
Total: 11.537500 ms (FindLiveObjects: 1.170800 ms CreateObjectMapping: 0.906800 ms MarkObjects: 8.371700 ms  DeleteObjects: 1.085300 ms)

========================================================================
Received Prepare
Registering precompiled user dll's ...
Registered in 0.006365 seconds.
Begin MonoManager ReloadAssembly
Native extension for WindowsStandalone target not found
Refreshing native plugins compatible for Editor in 1.01 ms, found 3 plugins.
Preloading 0 native plugins for Editor in 0.00 ms.
Mono: successfully reloaded assembly
- Completed reload, in  2.843 seconds
Platform modules already initialized, skipping
Refreshing native plugins compatible for Editor in 2.71 ms, found 3 plugins.
Preloading 0 native plugins for Editor in 0.00 ms.
Unloading 2124 Unused Serialized files (Serialized files now loaded: 0)
System memory in use before: 99.3 MB.
System memory in use after: 98.6 MB.

Unloading 34 unused Assets to reduce memory usage. Loaded Objects now: 2685.
Total: 7.766100 ms (FindLiveObjects: 0.561200 ms CreateObjectMapping: 0.416800 ms MarkObjects: 5.888100 ms  DeleteObjects: 0.897400 ms)

========================================================================
Received Prepare
Registering precompiled user dll's ...
Registered in 0.018832 seconds.
Begin MonoManager ReloadAssembly
Native extension for WindowsStandalone target not found
Refreshing native plugins compatible for Editor in 0.60 ms, found 3 plugins.
Preloading 0 native plugins for Editor in 0.00 ms.
Mono: successfully reloaded assembly
- Completed reload, in  2.970 seconds
Platform modules already initialized, skipping
Refreshing native plugins compatible for Editor in 0.57 ms, found 3 plugins.
Preloading 0 native plugins for Editor in 0.00 ms.
Unloading 2124 Unused Serialized files (Serialized files now loaded: 0)
System memory in use before: 99.3 MB.
System memory in use after: 98.6 MB.

Unloading 34 unused Assets to reduce memory usage. Loaded Objects now: 2689.
Total: 3.720400 ms (FindLiveObjects: 0.278100 ms CreateObjectMapping: 0.122100 ms MarkObjects: 2.637700 ms  DeleteObjects: 0.680600 ms)

========================================================================
Received Prepare
Registering precompiled user dll's ...
Registered in 0.010609 seconds.
Begin MonoManager ReloadAssembly
Native extension for WindowsStandalone target not found
Refreshing native plugins compatible for Editor in 0.55 ms, found 3 plugins.
Preloading 0 native plugins for Editor in 0.00 ms.
Mono: successfully reloaded assembly
- Completed reload, in  2.181 seconds
Platform modules already initialized, skipping
Refreshing native plugins compatible for Editor in 0.84 ms, found 3 plugins.
Preloading 0 native plugins for Editor in 0.00 ms.
Unloading 2124 Unused Serialized files (Serialized files now loaded: 0)
System memory in use before: 99.4 MB.
System memory in use after: 98.7 MB.

Unloading 34 unused Assets to reduce memory usage. Loaded Objects now: 2693.
Total: 4.894600 ms (FindLiveObjects: 0.294500 ms CreateObjectMapping: 0.111000 ms MarkObjects: 3.700500 ms  DeleteObjects: 0.787200 ms)

========================================================================
Received Prepare
Registering precompiled user dll's ...
Registered in 0.009412 seconds.
Begin MonoManager ReloadAssembly
Native extension for WindowsStandalone target not found
Refreshing native plugins compatible for Editor in 0.82 ms, found 3 plugins.
Preloading 0 native plugins for Editor in 0.00 ms.
Mono: successfully reloaded assembly
- Completed reload, in  2.077 seconds
Platform modules already initialized, skipping
Refreshing native plugins compatible for Editor in 0.57 ms, found 3 plugins.
Preloading 0 native plugins for Editor in 0.00 ms.
Unloading 2124 Unused Serialized files (Serialized files now loaded: 0)
System memory in use before: 99.4 MB.
System memory in use after: 98.7 MB.

Unloading 34 unused Assets to reduce memory usage. Loaded Objects now: 2697.
Total: 5.562000 ms (FindLiveObjects: 0.470100 ms CreateObjectMapping: 0.176000 ms MarkObjects: 4.283100 ms  DeleteObjects: 0.630400 ms)

========================================================================
Received Prepare
Registering precompiled user dll's ...
Registered in 0.008933 seconds.
Begin MonoManager ReloadAssembly
Native extension for WindowsStandalone target not found
Refreshing native plugins compatible for Editor in 0.64 ms, found 3 plugins.
Preloading 0 native plugins for Editor in 0.00 ms.
Mono: successfully reloaded assembly
- Completed reload, in  1.958 seconds
Platform modules already initialized, skipping
Refreshing native plugins compatible for Editor in 0.69 ms, found 3 plugins.
Preloading 0 native plugins for Editor in 0.00 ms.
Unloading 2124 Unused Serialized files (Serialized files now loaded: 0)
System memory in use before: 99.4 MB.
System memory in use after: 98.7 MB.

Unloading 34 unused Assets to reduce memory usage. Loaded Objects now: 2701.
Total: 3.966100 ms (FindLiveObjects: 0.299500 ms CreateObjectMapping: 0.112900 ms MarkObjects: 3.013400 ms  DeleteObjects: 0.538600 ms)

========================================================================
Received Prepare
Registering precompiled user dll's ...
Registered in 0.010689 seconds.
Begin MonoManager ReloadAssembly
Native extension for WindowsStandalone target not found
Refreshing native plugins compatible for Editor in 0.68 ms, found 3 plugins.
Preloading 0 native plugins for Editor in 0.00 ms.
Mono: successfully reloaded assembly
- Completed reload, in  2.317 seconds
Platform modules already initialized, skipping
Refreshing native plugins compatible for Editor in 0.82 ms, found 3 plugins.
Preloading 0 native plugins for Editor in 0.00 ms.
Unloading 2124 Unused Serialized files (Serialized files now loaded: 0)
System memory in use before: 99.4 MB.
System memory in use after: 98.8 MB.

Unloading 34 unused Assets to reduce memory usage. Loaded Objects now: 2705.
Total: 10.030900 ms (FindLiveObjects: 0.760700 ms CreateObjectMapping: 0.525600 ms MarkObjects: 7.969400 ms  DeleteObjects: 0.768900 ms)

========================================================================
Received Import Request.
  Time since last request: 3910.447482 seconds.
  path: Assets/alkis.wav
  artifactKey: Guid(59919a044f4ad0d42a0a61dde8a9c462) Importer(815301076,1909f56bfc062723c751e8b465ee728b)
Start importing Assets/alkis.wav using Guid(59919a044f4ad0d42a0a61dde8a9c462) Importer(815301076,1909f56bfc062723c751e8b465ee728b)  -> (artifact id: '5ee7f29838efcf5c8617e378e53615d0') in 0.266651 seconds
  Import took 0.280284 seconds .

========================================================================
Received Import Request.
  Time since last request: 8.891039 seconds.
  path: Assets/arkaplan2.mp3
  artifactKey: Guid(42c4d9dcbc09b2b4894c29bd8e5936de) Importer(815301076,1909f56bfc062723c751e8b465ee728b)
Start importing Assets/arkaplan2.mp3 using Guid(42c4d9dcbc09b2b4894c29bd8e5936de) Importer(815301076,1909f56bfc062723c751e8b465ee728b)  -> (artifact id: '0de18bc4f067f448aaf65582eaaf851f') in 0.052530 seconds
  Import took 0.063195 seconds .

========================================================================
Received Import Request.
  Time since last request: 3.693212 seconds.
  path: Assets/skor.wav
  artifactKey: Guid(6a0a51b8c2cb87241adcba4441a6a940) Importer(815301076,1909f56bfc062723c751e8b465ee728b)
Start importing Assets/skor.wav using Guid(6a0a51b8c2cb87241adcba4441a6a940) Importer(815301076,1909f56bfc062723c751e8b465ee728b)  -> (artifact id: 'c7f51724057e2dfc3fc58b95e10feacf') in 0.035701 seconds
  Import took 0.044034 seconds .

========================================================================
Received Prepare
Registering precompiled user dll's ...
Registered in 0.009214 seconds.
Begin MonoManager ReloadAssembly
Native extension for WindowsStandalone target not found
Refreshing native plugins compatible for Editor in 0.59 ms, found 3 plugins.
Preloading 0 native plugins for Editor in 0.00 ms.
Mono: successfully reloaded assembly
- Completed reload, in  2.518 seconds
Platform modules already initialized, skipping
Refreshing native plugins compatible for Editor in 0.62 ms, found 3 plugins.
Preloading 0 native plugins for Editor in 0.00 ms.
Unloading 2124 Unused Serialized files (Serialized files now loaded: 0)
System memory in use before: 99.5 MB.
System memory in use after: 98.9 MB.

Unloading 34 unused Assets to reduce memory usage. Loaded Objects now: 2712.
Total: 5.938300 ms (FindLiveObjects: 0.316600 ms CreateObjectMapping: 0.140700 ms MarkObjects: 4.572700 ms  DeleteObjects: 0.905800 ms)

========================================================================
Received Prepare
Registering precompiled user dll's ...
Registered in 0.009038 seconds.
Begin MonoManager ReloadAssembly
Native extension for WindowsStandalone target not found
Refreshing native plugins compatible for Editor in 2.01 ms, found 3 plugins.
Preloading 0 native plugins for Editor in 0.00 ms.
Mono: successfully reloaded assembly
- Completed reload, in  2.697 seconds
Platform modules already initialized, skipping
Refreshing native plugins compatible for Editor in 2.49 ms, found 3 plugins.
Preloading 0 native plugins for Editor in 0.00 ms.
Unloading 2124 Unused Serialized files (Serialized files now loaded: 0)
System memory in use before: 99.5 MB.
System memory in use after: 98.9 MB.

Unloading 34 unused Assets to reduce memory usage. Loaded Objects now: 2716.
Total: 8.080700 ms (FindLiveObjects: 1.162500 ms CreateObjectMapping: 0.343800 ms MarkObjects: 5.464300 ms  DeleteObjects: 1.106700 ms)

========================================================================
Received Prepare
Registering precompiled user dll's ...
Registered in 0.009074 seconds.
Begin MonoManager ReloadAssembly
Native extension for WindowsStandalone target not found
Refreshing native plugins compatible for Editor in 1.24 ms, found 3 plugins.
Preloading 0 native plugins for Editor in 0.00 ms.
Mono: successfully reloaded assembly
- Completed reload, in  2.420 seconds
Platform modules already initialized, skipping
Refreshing native plugins compatible for Editor in 1.38 ms, found 3 plugins.
Preloading 0 native plugins for Editor in 0.00 ms.
Unloading 2124 Unused Serialized files (Serialized files now loaded: 0)
System memory in use before: 99.5 MB.
System memory in use after: 98.9 MB.

Unloading 34 unused Assets to reduce memory usage. Loaded Objects now: 2720.
Total: 6.253400 ms (FindLiveObjects: 0.662800 ms CreateObjectMapping: 0.414600 ms MarkObjects: 4.094700 ms  DeleteObjects: 1.078500 ms)

AssetImportWorkerClient::OnTransportError - code=2 error=End of file
