Using pre-set license
Built from '2020.3/staging' branch; Version is '2020.3.10f1 (297d780c91bc) revision 2719096'; Using compiler version '192528614'; Build Type 'Release'
OS: 'Windows 10 Pro; OS build 19042.985; Version 2009; 64bit' Language: 'tr' Physical Memory: 8106 MB
BatchMode: 1, IsHumanControllingUs: 0, StartBugReporterOnCrash: 0, Is64bit: 1, IsPro: 0

 COMMAND LINE ARGUMENTS:
C:\Program Files\Unity\Hub\Editor\2019.4.20f1\Editor\Unity.exe
-adb2
-batchMode
-noUpm
-name
AssetImportWorker1
-projectPath
C:/Users/emine/Obstacle Escape Game
-logFile
Logs/AssetImportWorker1.log
-srvPort
50358
Successfully changed project path to: C:/Users/emine/Obstacle Escape Game
C:/Users/emine/Obstacle Escape Game
Using Asset Import Pipeline V2.
Refreshing native plugins compatible for Editor in 60.18 ms, found 3 plugins.
Preloading 0 native plugins for Editor in 0.00 ms.
Initialize engine version: 2020.3.10f1 (297d780c91bc)
[Subsystems] Discovering subsystems at path C:/Program Files/Unity/Hub/Editor/2019.4.20f1/Editor/Data/Resources/UnitySubsystems
[Subsystems] Discovering subsystems at path C:/Users/emine/Obstacle Escape Game/Assets
GfxDevice: creating device client; threaded=0
Direct3D:
    Version:  Direct3D 11.0 [level 11.0]
    Renderer: NVIDIA GeForce 940M (ID=0x1347)
    Vendor:   
    VRAM:     2010 MB
    Driver:   23.21.13.9135
Initialize mono
Mono path[0] = 'C:/Program Files/Unity/Hub/Editor/2019.4.20f1/Editor/Data/Managed'
Mono path[1] = 'C:/Program Files/Unity/Hub/Editor/2019.4.20f1/Editor/Data/MonoBleedingEdge/lib/mono/unityjit'
Mono config path = 'C:/Program Files/Unity/Hub/Editor/2019.4.20f1/Editor/Data/MonoBleedingEdge/etc'
Using monoOptions --debugger-agent=transport=dt_socket,embedding=1,server=y,suspend=n,address=127.0.0.1:56952
Begin MonoManager ReloadAssembly
Registering precompiled unity dll's ...
Register platform support module: C:/Program Files/Unity/Hub/Editor/2019.4.20f1/Editor/Data/PlaybackEngines/WindowsStandaloneSupport/UnityEditor.WindowsStandalone.Extensions.dll
Registered in 0.003257 seconds.
Native extension for WindowsStandalone target not found
Refreshing native plugins compatible for Editor in 55.06 ms, found 3 plugins.
Preloading 0 native plugins for Editor in 0.00 ms.
Mono: successfully reloaded assembly
- Completed reload, in  1.641 seconds
Platform modules already initialized, skipping
Registering precompiled user dll's ...
Registered in 0.007112 seconds.
Begin MonoManager ReloadAssembly
Native extension for WindowsStandalone target not found
Refreshing native plugins compatible for Editor in 65.67 ms, found 3 plugins.
Preloading 0 native plugins for Editor in 0.00 ms.
Mono: successfully reloaded assembly
- Completed reload, in  2.830 seconds
Platform modules already initialized, skipping
========================================================================
Worker process is ready to serve import requests
Launched and connected shader compiler UnityShaderCompiler.exe after 0.07 seconds
Refreshing native plugins compatible for Editor in 0.49 ms, found 3 plugins.
Preloading 0 native plugins for Editor in 0.00 ms.
Unloading 2079 Unused Serialized files (Serialized files now loaded: 0)
System memory in use before: 92.8 MB.
System memory in use after: 92.8 MB.

Unloading 33 unused Assets to reduce memory usage. Loaded Objects now: 2512.
Total: 3.118500 ms (FindLiveObjects: 0.252300 ms CreateObjectMapping: 0.098000 ms MarkObjects: 2.584600 ms  DeleteObjects: 0.182200 ms)

========================================================================
Received Import Request.
  path: Assets/Scenes
  artifactKey: Guid(fa5e5e9ba6080124f9784074573a5f61) Importer(815301076,1909f56bfc062723c751e8b465ee728b)
Start importing Assets/Scenes using Guid(fa5e5e9ba6080124f9784074573a5f61) Importer(815301076,1909f56bfc062723c751e8b465ee728b)  -> (artifact id: '6f0f59b2270a8284d56d4ef3194ece05') in 0.031804 seconds
  Import took 0.055247 seconds .

========================================================================
Received Import Request.
  Time since last request: 0.000362 seconds.
  path: Assets/sopa01.png
  artifactKey: Guid(f0326bfc96508754ca5f0aa7a9819b11) Importer(815301076,1909f56bfc062723c751e8b465ee728b)
Start importing Assets/sopa01.png using Guid(f0326bfc96508754ca5f0aa7a9819b11) Importer(815301076,1909f56bfc062723c751e8b465ee728b)  -> (artifact id: 'aca11a2689c70ab190a68c0909cca929') in 0.238875 seconds
  Import took 0.243133 seconds .

========================================================================
Received Import Request.
  Time since last request: 0.000312 seconds.
  path: Assets/karakter.png
  artifactKey: Guid(104076f73d3494a4d976a8f8ed19fdbe) Importer(815301076,1909f56bfc062723c751e8b465ee728b)
Start importing Assets/karakter.png using Guid(104076f73d3494a4d976a8f8ed19fdbe) Importer(815301076,1909f56bfc062723c751e8b465ee728b)  -> (artifact id: '54e2753c909b0f3d26ecee9c3212cdcd') in 0.039187 seconds
  Import took 0.044903 seconds .

========================================================================
Received Import Request.
  Time since last request: 0.001229 seconds.
  path: Assets/bicak01.png
  artifactKey: Guid(96c92118db26dce468ff02d9327ae8a9) Importer(815301076,1909f56bfc062723c751e8b465ee728b)
Start importing Assets/bicak01.png using Guid(96c92118db26dce468ff02d9327ae8a9) Importer(815301076,1909f56bfc062723c751e8b465ee728b)  -> (artifact id: '9c3ff7652f865f39182f931a637e8fbb') in 0.031175 seconds
  Import took 0.065245 seconds .

========================================================================
Received Import Request.
  Time since last request: 0.000335 seconds.
  path: Assets/arkaplan_yesil.jpg
  artifactKey: Guid(25dd8b95744bc5e429008668832af04d) Importer(815301076,1909f56bfc062723c751e8b465ee728b)
Start importing Assets/arkaplan_yesil.jpg using Guid(25dd8b95744bc5e429008668832af04d) Importer(815301076,1909f56bfc062723c751e8b465ee728b)  -> (artifact id: '7d0c80f0233fbeebd32721146c012fd3') in 0.048362 seconds
  Import took 0.056431 seconds .

AssetImportWorkerClient::OnTransportError - code=2 error=End of file
